Arguments: 
  /Users/joanneonis/.nvm/versions/node/v12.9.0/bin/node /usr/local/bin/yarn

PATH: 
  /Users/joanneonis/.nvm/versions/node/v12.9.0/bin:/opt/local/bin:/opt/local/sbin:/Users/joanneonis/.yarn/bin:/Users/joanneonis/.config/yarn/global/node_modules/.bin:/Library/Frameworks/Python.framework/Versions/3.5/bin:/usr/local/bin:/usr/bin:/bin:/usr/sbin:/sbin:/usr/local/share/dotnet:~/.dotnet/tools:/Library/Frameworks/Mono.framework/Versions/Current/Commands:/Users/joanneonis/.nvm/versions/node/v12.9.0/bin:/opt/local/bin:/opt/local/sbin:/Users/joanneonis/.yarn/bin:/Users/joanneonis/.config/yarn/global/node_modules/.bin:/Library/Frameworks/Python.framework/Versions/3.5/bin

Yarn version: 
  1.13.0

Node version: 
  12.9.0

Platform: 
  darwin x64

Trace: 
  SyntaxError: /Users/joanneonis/_SCHOOL/minor/Grimm/grimm-tools/package.json: Unexpected token } in JSON at position 530
      at JSON.parse (<anonymous>)
      at /usr/local/lib/node_modules/yarn/lib/cli.js:1625:59
      at Generator.next (<anonymous>)
      at step (/usr/local/lib/node_modules/yarn/lib/cli.js:304:30)
      at /usr/local/lib/node_modules/yarn/lib/cli.js:315:13

npm manifest: 
  {
    "name": "basics",
    "version": "1.0.0",
    "description": "three basics",
    "main": "index.js",
    "dependencies": {
      "@babel/runtime": "^7.4.5",
      "@tweenjs/tween.js": "^17.4.0",
      "babel-loader": "^8.0.6",
      "babel-plugin-prismjs": "^1.0.2",
      "css-loader": "^2.1.1",
      "dat.gui": "^0.7.6",
      "extract-loader": "^3.1.0",
      "file-loader": "^3.0.1",
      "node-sass": "^4.12.0",
      "postcss-loader": "^3.0.0",
      "sass-loader": "^7.1.0",
      "sass-resources-loader": "^2.0.1",
      "style-loader": "^0.23.1",
    },
    "devDependencies": {
      "@babel/cli": "^7.4.3",
      "@babel/core": "^7.4.5",
      "@babel/node": "^7.4.5",
      "@babel/plugin-transform-runtime": "^7.4.4",
      "@babel/preset-env": "^7.4.5",
      "@babel/register": "^7.4.0",
      "eslint": "^5.16.0",
      "html-webpack-plugin": "^3.2.0",
      "script-ext-html-webpack-plugin": "^2.1.3",
      "webpack": "^4.35.0",
      "webpack-cli": "^3.3.5",
      "webpack-dev-server": "^3.7.2"
    },
    "scripts": {
      "test": "echo \"Error: no test specified\" && exit 1",
      "babel": "babel --presets es2015 js/main.js -o build/main.bundle.js",
      "webpack": "webpack",
      "start": "webpack-dev-server --hot"
    },
    "author": "",
    "license": "ISC"
  }

yarn manifest: 
  No manifest

Lockfile: 
  # THIS IS AN AUTOGENERATED FILE. DO NOT EDIT THIS FILE DIRECTLY.
  # yarn lockfile v1
